<?xml version="1.0" encoding="UTF-8"?>
<testsuite xmlns:xsi="http://www.w3.org/2001/XMLSchema-instance" xsi:noNamespaceSchemaLocation="https://maven.apache.org/surefire/maven-surefire-plugin/xsd/surefire-test-report.xsd" name="Assignment6.Assignment6.MakeMyTripTest" time="48.193" tests="2" errors="0" skipped="0" failures="0">
  <properties>
[...]
</properties>
  <testcase name="verifyFlightSelection" classname="Assignment6.Assignment6.MakeMyTripTest" time="24.893"/>
  <testcase name="verifyLogo" classname="Assignment6.Assignment6.MakeMyTripTest" time="0.051"/>
</testsuite>