<?xml version="1.0" encoding="UTF-8"?>
<testng-results ignored="0" total="2" passed="2" failed="0" skipped="0">
  <reporter-output>
  </reporter-output>
  <suite started-at="2023-10-14T15:37:15 IST" name="Surefire suite" finished-at="2023-10-14T15:38:02 IST" duration-ms="47134">
    <groups>
    </groups>
    <test started-at="2023-10-14T15:37:15 IST" name="Surefire test" finished-at="2023-10-14T15:38:02 IST" duration-ms="47134">
      <class name="Assignment6.Assignment6.MakeMyTripTest">
        <test-method is-config="true" signature="beforeMethod()[pri:0, instance:Assignment6.Assignment6.MakeMyTripTest@f79e]" started-at="2023-10-14T15:37:15 IST" name="beforeMethod" finished-at="2023-10-14T15:37:27 IST" duration-ms="11875" status="PASS">
          <reporter-output>
          </reporter-output>
        </test-method> <!-- beforeMethod -->
        <test-method signature="verifyFlightSelection()[pri:0, instance:Assignment6.Assignment6.MakeMyTripTest@f79e]" started-at="2023-10-14T15:37:27 IST" name="verifyFlightSelection" description="This test validate flight selection" finished-at="2023-10-14T15:37:51 IST" duration-ms="24888" status="PASS">
          <reporter-output>
          </reporter-output>
        </test-method> <!-- verifyFlightSelection -->
        <test-method is-config="true" signature="afterMethod()[pri:0, instance:Assignment6.Assignment6.MakeMyTripTest@f79e]" started-at="2023-10-14T15:37:51 IST" name="afterMethod" finished-at="2023-10-14T15:37:52 IST" duration-ms="148" status="PASS">
          <reporter-output>
          </reporter-output>
        </test-method> <!-- afterMethod -->
        <test-method is-config="true" signature="beforeMethod()[pri:0, instance:Assignment6.Assignment6.MakeMyTripTest@f79e]" started-at="2023-10-14T15:37:52 IST" name="beforeMethod" finished-at="2023-10-14T15:38:02 IST" duration-ms="9944" status="PASS">
          <reporter-output>
          </reporter-output>
        </test-method> <!-- beforeMethod -->
        <test-method signature="verifyLogo()[pri:0, instance:Assignment6.Assignment6.MakeMyTripTest@f79e]" started-at="2023-10-14T15:38:02 IST" name="verifyLogo" description="This test validate logo" finished-at="2023-10-14T15:38:02 IST" duration-ms="52" status="PASS">
          <reporter-output>
          </reporter-output>
        </test-method> <!-- verifyLogo -->
        <test-method is-config="true" signature="afterMethod()[pri:0, instance:Assignment6.Assignment6.MakeMyTripTest@f79e]" started-at="2023-10-14T15:38:02 IST" name="afterMethod" finished-at="2023-10-14T15:38:02 IST" duration-ms="150" status="PASS">
          <reporter-output>
          </reporter-output>
        </test-method> <!-- afterMethod -->
      </class> <!-- Assignment6.Assignment6.MakeMyTripTest -->
    </test> <!-- Surefire test -->
  </suite> <!-- Surefire suite -->
</testng-results>
