<?xml version="1.0" encoding="UTF-8"?>
<testng-results ignored="0" total="2" passed="2" failed="0" skipped="0">
  <reporter-output>
  </reporter-output>
  <suite started-at="2023-10-14T03:04:15 IST" name="Default suite" finished-at="2023-10-14T03:04:32 IST" duration-ms="17219">
    <groups>
    </groups>
    <test started-at="2023-10-14T03:04:15 IST" name="Default test" finished-at="2023-10-14T03:04:32 IST" duration-ms="17219">
      <class name="assignment5test.MakeMyTripTest">
        <test-method is-config="true" signature="beforeMethod()[pri:0, instance:assignment5test.MakeMyTripTest@48f278eb]" started-at="2023-10-14T03:04:15 IST" name="beforeMethod" finished-at="2023-10-14T03:04:22 IST" duration-ms="7270" status="PASS">
          <reporter-output>
          </reporter-output>
        </test-method> <!-- beforeMethod -->
        <test-method signature="verifyFlightSelection()[pri:0, instance:assignment5test.MakeMyTripTest@48f278eb]" started-at="2023-10-14T03:04:22 IST" name="verifyFlightSelection" description="This test validate flight selection" finished-at="2023-10-14T03:04:26 IST" duration-ms="4091" status="PASS">
          <reporter-output>
          </reporter-output>
        </test-method> <!-- verifyFlightSelection -->
        <test-method is-config="true" signature="afterMethod()[pri:0, instance:assignment5test.MakeMyTripTest@48f278eb]" started-at="2023-10-14T03:04:26 IST" name="afterMethod" finished-at="2023-10-14T03:04:26 IST" duration-ms="159" status="PASS">
          <reporter-output>
          </reporter-output>
        </test-method> <!-- afterMethod -->
        <test-method is-config="true" signature="beforeMethod()[pri:0, instance:assignment5test.MakeMyTripTest@48f278eb]" started-at="2023-10-14T03:04:26 IST" name="beforeMethod" finished-at="2023-10-14T03:04:32 IST" duration-ms="5398" status="PASS">
          <reporter-output>
          </reporter-output>
        </test-method> <!-- beforeMethod -->
        <test-method signature="verifyLogo()[pri:0, instance:assignment5test.MakeMyTripTest@48f278eb]" started-at="2023-10-14T03:04:32 IST" name="verifyLogo" description="This test validate logo" finished-at="2023-10-14T03:04:32 IST" duration-ms="69" status="PASS">
          <reporter-output>
          </reporter-output>
        </test-method> <!-- verifyLogo -->
        <test-method is-config="true" signature="afterMethod()[pri:0, instance:assignment5test.MakeMyTripTest@48f278eb]" started-at="2023-10-14T03:04:32 IST" name="afterMethod" finished-at="2023-10-14T03:04:32 IST" duration-ms="183" status="PASS">
          <reporter-output>
          </reporter-output>
        </test-method> <!-- afterMethod -->
      </class> <!-- assignment5test.MakeMyTripTest -->
    </test> <!-- Default test -->
  </suite> <!-- Default suite -->
</testng-results>
